2025-11-19 14:01:24,963:WARNING:
'cuml' is a soft dependency and not included in the pycaret installation. Please run: `pip install cuml` to install.
2025-11-19 14:01:24,963:WARNING:
'cuml' is a soft dependency and not included in the pycaret installation. Please run: `pip install cuml` to install.
2025-11-19 14:01:24,963:WARNING:
'cuml' is a soft dependency and not included in the pycaret installation. Please run: `pip install cuml` to install.
2025-11-19 14:01:24,963:WARNING:
'cuml' is a soft dependency and not included in the pycaret installation. Please run: `pip install cuml` to install.
2025-11-19 14:13:00,385:WARNING:
'cuml' is a soft dependency and not included in the pycaret installation. Please run: `pip install cuml` to install.
2025-11-19 14:13:00,385:WARNING:
'cuml' is a soft dependency and not included in the pycaret installation. Please run: `pip install cuml` to install.
2025-11-19 14:13:00,385:WARNING:
'cuml' is a soft dependency and not included in the pycaret installation. Please run: `pip install cuml` to install.
2025-11-19 14:13:00,385:WARNING:
'cuml' is a soft dependency and not included in the pycaret installation. Please run: `pip install cuml` to install.
2025-11-19 14:14:10,625:WARNING:
'cuml' is a soft dependency and not included in the pycaret installation. Please run: `pip install cuml` to install.
2025-11-19 14:14:10,625:WARNING:
'cuml' is a soft dependency and not included in the pycaret installation. Please run: `pip install cuml` to install.
2025-11-19 14:14:10,625:WARNING:
'cuml' is a soft dependency and not included in the pycaret installation. Please run: `pip install cuml` to install.
2025-11-19 14:14:10,625:WARNING:
'cuml' is a soft dependency and not included in the pycaret installation. Please run: `pip install cuml` to install.
2025-11-19 14:15:19,965:INFO:Initializing load_model()
2025-11-19 14:15:19,966:INFO:load_model(model_name=dt_insurance_charges_model, platform=None, authentication=None, verbose=True)
2025-11-19 14:16:28,232:INFO:Initializing load_model()
2025-11-19 14:16:28,233:INFO:load_model(model_name=dt_insurance_charges_model, platform=None, authentication=None, verbose=True)
2025-11-19 14:25:44,897:INFO:Initializing load_model()
2025-11-19 14:25:44,898:INFO:load_model(model_name=dt_insurance_charges_model, platform=None, authentication=None, verbose=True)
2025-11-19 14:30:11,910:INFO:Initializing load_model()
2025-11-19 14:30:11,911:INFO:load_model(model_name=dt_insurance_charges_model, platform=None, authentication=None, verbose=True)
2025-11-19 14:32:39,008:INFO:Initializing load_model()
2025-11-19 14:32:39,009:INFO:load_model(model_name=dt_insurance_charges_model, platform=None, authentication=None, verbose=True)
2025-11-19 14:33:30,058:INFO:Initializing load_model()
2025-11-19 14:33:30,058:INFO:load_model(model_name=dt_insurance_charges_model, platform=None, authentication=None, verbose=True)
2025-11-19 14:36:48,368:INFO:Initializing load_model()
2025-11-19 14:36:48,369:INFO:load_model(model_name=dt_insurance_charges_model, platform=None, authentication=None, verbose=True)
2025-11-19 14:37:25,790:INFO:Initializing load_model()
2025-11-19 14:37:25,790:INFO:load_model(model_name=dt_insurance_charges_model, platform=None, authentication=None, verbose=True)
2025-11-19 14:37:25,964:WARNING:/Users/naychizaw/.pyenv/versions/3.9.23/lib/python3.9/site-packages/pycaret/internal/pipeline.py:148: UserWarning: Version mismatch:
current: {'deps_info': {'pip': '23.0.1', 'setuptools': '58.1.0', 'pycaret': '3.3.2', 'IPython': '8.18.1', 'ipywidgets': '8.1.8', 'tqdm': '4.67.1', 'numpy': '1.26.4', 'pandas': '2.1.4', 'jinja2': '3.1.6', 'scipy': '1.11.4', 'joblib': '1.3.2', 'sklearn': '1.4.2', 'pyod': '2.0.5', 'imblearn': '0.12.4', 'category_encoders': '2.6.4', 'lightgbm': '4.6.0', 'numba': '0.60.0', 'requests': '2.32.5', 'matplotlib': '3.7.5', 'scikitplot': '0.3.7', 'yellowbrick': '1.5', 'plotly': '6.5.0', 'plotly-resampler': 'Not installed', 'kaleido': '1.2.0', 'schemdraw': '0.15', 'statsmodels': '0.14.5', 'sktime': '0.26.0', 'tbats': '1.1.3', 'pmdarima': '2.0.4', 'psutil': '7.1.3', 'markupsafe': '3.0.3', 'pickle5': 'Not installed', 'cloudpickle': '3.1.2', 'deprecation': '2.1.0', 'xxhash': '3.6.0', 'wurlitzer': '3.1.1'}, 'python': {'version': '3.9.23', 'machine': 'arm64'}}
pickle: {'deps_info': {'pip': '23.3.1', 'setuptools': '68.2.2', 'pycaret': '3.3.2', 'IPython': '8.20.0', 'ipywidgets': '7.6.5', 'tqdm': '4.65.0', 'numpy': '1.24.4', 'pandas': '2.0.3', 'jinja2': '3.1.3', 'scipy': '1.11.4', 'joblib': '1.3.2', 'sklearn': '1.4.2', 'pyod': '2.0.1', 'imblearn': '0.12.3', 'category_encoders': '2.6.3', 'lightgbm': '4.4.0', 'numba': '0.59.0', 'requests': '2.31.0', 'matplotlib': '3.7.5', 'scikitplot': '0.3.7', 'yellowbrick': '1.5', 'plotly': '5.19.0', 'plotly-resampler': 'Not installed', 'kaleido': '0.2.1', 'schemdraw': '0.15', 'statsmodels': '0.14.1', 'sktime': '0.26.0', 'tbats': '1.1.3', 'pmdarima': '2.0.4', 'psutil': '5.9.0', 'markupsafe': '2.1.3', 'pickle5': 'Not installed', 'cloudpickle': '2.2.1', 'deprecation': '2.1.0', 'xxhash': '3.4.1', 'wurlitzer': 'Not installed'}, 'python': {'version': '3.11.7', 'machine': 'AMD64'}}
  warnings.warn(

2025-11-19 14:37:56,289:INFO:Initializing load_model()
2025-11-19 14:37:56,289:INFO:load_model(model_name=dt_insurance_charges_model, platform=None, authentication=None, verbose=True)
2025-11-19 14:37:56,293:WARNING:/Users/naychizaw/.pyenv/versions/3.9.23/lib/python3.9/site-packages/pycaret/internal/pipeline.py:148: UserWarning: Version mismatch:
current: {'deps_info': {'pip': '23.0.1', 'setuptools': '58.1.0', 'pycaret': '3.3.2', 'IPython': '8.18.1', 'ipywidgets': '8.1.8', 'tqdm': '4.67.1', 'numpy': '1.26.4', 'pandas': '2.1.4', 'jinja2': '3.1.6', 'scipy': '1.11.4', 'joblib': '1.3.2', 'sklearn': '1.4.2', 'pyod': '2.0.5', 'imblearn': '0.12.4', 'category_encoders': '2.6.4', 'lightgbm': '4.6.0', 'numba': '0.60.0', 'requests': '2.32.5', 'matplotlib': '3.7.5', 'scikitplot': '0.3.7', 'yellowbrick': '1.5', 'plotly': '6.5.0', 'plotly-resampler': 'Not installed', 'kaleido': '1.2.0', 'schemdraw': '0.15', 'statsmodels': '0.14.5', 'sktime': '0.26.0', 'tbats': '1.1.3', 'pmdarima': '2.0.4', 'psutil': '7.1.3', 'markupsafe': '3.0.3', 'pickle5': 'Not installed', 'cloudpickle': '3.1.2', 'deprecation': '2.1.0', 'xxhash': '3.6.0', 'wurlitzer': '3.1.1'}, 'python': {'version': '3.9.23', 'machine': 'arm64'}}
pickle: {'deps_info': {'pip': '23.3.1', 'setuptools': '68.2.2', 'pycaret': '3.3.2', 'IPython': '8.20.0', 'ipywidgets': '7.6.5', 'tqdm': '4.65.0', 'numpy': '1.24.4', 'pandas': '2.0.3', 'jinja2': '3.1.3', 'scipy': '1.11.4', 'joblib': '1.3.2', 'sklearn': '1.4.2', 'pyod': '2.0.1', 'imblearn': '0.12.3', 'category_encoders': '2.6.3', 'lightgbm': '4.4.0', 'numba': '0.59.0', 'requests': '2.31.0', 'matplotlib': '3.7.5', 'scikitplot': '0.3.7', 'yellowbrick': '1.5', 'plotly': '5.19.0', 'plotly-resampler': 'Not installed', 'kaleido': '0.2.1', 'schemdraw': '0.15', 'statsmodels': '0.14.1', 'sktime': '0.26.0', 'tbats': '1.1.3', 'pmdarima': '2.0.4', 'psutil': '5.9.0', 'markupsafe': '2.1.3', 'pickle5': 'Not installed', 'cloudpickle': '2.2.1', 'deprecation': '2.1.0', 'xxhash': '3.4.1', 'wurlitzer': 'Not installed'}, 'python': {'version': '3.11.7', 'machine': 'AMD64'}}
  warnings.warn(

2025-11-19 14:38:30,335:INFO:Initializing load_model()
2025-11-19 14:38:30,336:INFO:load_model(model_name=dt_insurance_charges_model, platform=None, authentication=None, verbose=True)
2025-11-19 14:38:30,338:WARNING:/Users/naychizaw/.pyenv/versions/3.9.23/lib/python3.9/site-packages/pycaret/internal/pipeline.py:148: UserWarning: Version mismatch:
current: {'deps_info': {'pip': '23.0.1', 'setuptools': '58.1.0', 'pycaret': '3.3.2', 'IPython': '8.18.1', 'ipywidgets': '8.1.8', 'tqdm': '4.67.1', 'numpy': '1.26.4', 'pandas': '2.1.4', 'jinja2': '3.1.6', 'scipy': '1.11.4', 'joblib': '1.3.2', 'sklearn': '1.4.2', 'pyod': '2.0.5', 'imblearn': '0.12.4', 'category_encoders': '2.6.4', 'lightgbm': '4.6.0', 'numba': '0.60.0', 'requests': '2.32.5', 'matplotlib': '3.7.5', 'scikitplot': '0.3.7', 'yellowbrick': '1.5', 'plotly': '6.5.0', 'plotly-resampler': 'Not installed', 'kaleido': '1.2.0', 'schemdraw': '0.15', 'statsmodels': '0.14.5', 'sktime': '0.26.0', 'tbats': '1.1.3', 'pmdarima': '2.0.4', 'psutil': '7.1.3', 'markupsafe': '3.0.3', 'pickle5': 'Not installed', 'cloudpickle': '3.1.2', 'deprecation': '2.1.0', 'xxhash': '3.6.0', 'wurlitzer': '3.1.1'}, 'python': {'version': '3.9.23', 'machine': 'arm64'}}
pickle: {'deps_info': {'pip': '23.3.1', 'setuptools': '68.2.2', 'pycaret': '3.3.2', 'IPython': '8.20.0', 'ipywidgets': '7.6.5', 'tqdm': '4.65.0', 'numpy': '1.24.4', 'pandas': '2.0.3', 'jinja2': '3.1.3', 'scipy': '1.11.4', 'joblib': '1.3.2', 'sklearn': '1.4.2', 'pyod': '2.0.1', 'imblearn': '0.12.3', 'category_encoders': '2.6.3', 'lightgbm': '4.4.0', 'numba': '0.59.0', 'requests': '2.31.0', 'matplotlib': '3.7.5', 'scikitplot': '0.3.7', 'yellowbrick': '1.5', 'plotly': '5.19.0', 'plotly-resampler': 'Not installed', 'kaleido': '0.2.1', 'schemdraw': '0.15', 'statsmodels': '0.14.1', 'sktime': '0.26.0', 'tbats': '1.1.3', 'pmdarima': '2.0.4', 'psutil': '5.9.0', 'markupsafe': '2.1.3', 'pickle5': 'Not installed', 'cloudpickle': '2.2.1', 'deprecation': '2.1.0', 'xxhash': '3.4.1', 'wurlitzer': 'Not installed'}, 'python': {'version': '3.11.7', 'machine': 'AMD64'}}
  warnings.warn(

2025-11-19 14:38:31,927:INFO:Initializing load_model()
2025-11-19 14:38:31,927:INFO:load_model(model_name=dt_insurance_charges_model, platform=None, authentication=None, verbose=True)
2025-11-19 14:38:31,930:WARNING:/Users/naychizaw/.pyenv/versions/3.9.23/lib/python3.9/site-packages/pycaret/internal/pipeline.py:148: UserWarning: Version mismatch:
current: {'deps_info': {'pip': '23.0.1', 'setuptools': '58.1.0', 'pycaret': '3.3.2', 'IPython': '8.18.1', 'ipywidgets': '8.1.8', 'tqdm': '4.67.1', 'numpy': '1.26.4', 'pandas': '2.1.4', 'jinja2': '3.1.6', 'scipy': '1.11.4', 'joblib': '1.3.2', 'sklearn': '1.4.2', 'pyod': '2.0.5', 'imblearn': '0.12.4', 'category_encoders': '2.6.4', 'lightgbm': '4.6.0', 'numba': '0.60.0', 'requests': '2.32.5', 'matplotlib': '3.7.5', 'scikitplot': '0.3.7', 'yellowbrick': '1.5', 'plotly': '6.5.0', 'plotly-resampler': 'Not installed', 'kaleido': '1.2.0', 'schemdraw': '0.15', 'statsmodels': '0.14.5', 'sktime': '0.26.0', 'tbats': '1.1.3', 'pmdarima': '2.0.4', 'psutil': '7.1.3', 'markupsafe': '3.0.3', 'pickle5': 'Not installed', 'cloudpickle': '3.1.2', 'deprecation': '2.1.0', 'xxhash': '3.6.0', 'wurlitzer': '3.1.1'}, 'python': {'version': '3.9.23', 'machine': 'arm64'}}
pickle: {'deps_info': {'pip': '23.3.1', 'setuptools': '68.2.2', 'pycaret': '3.3.2', 'IPython': '8.20.0', 'ipywidgets': '7.6.5', 'tqdm': '4.65.0', 'numpy': '1.24.4', 'pandas': '2.0.3', 'jinja2': '3.1.3', 'scipy': '1.11.4', 'joblib': '1.3.2', 'sklearn': '1.4.2', 'pyod': '2.0.1', 'imblearn': '0.12.3', 'category_encoders': '2.6.3', 'lightgbm': '4.4.0', 'numba': '0.59.0', 'requests': '2.31.0', 'matplotlib': '3.7.5', 'scikitplot': '0.3.7', 'yellowbrick': '1.5', 'plotly': '5.19.0', 'plotly-resampler': 'Not installed', 'kaleido': '0.2.1', 'schemdraw': '0.15', 'statsmodels': '0.14.1', 'sktime': '0.26.0', 'tbats': '1.1.3', 'pmdarima': '2.0.4', 'psutil': '5.9.0', 'markupsafe': '2.1.3', 'pickle5': 'Not installed', 'cloudpickle': '2.2.1', 'deprecation': '2.1.0', 'xxhash': '3.4.1', 'wurlitzer': 'Not installed'}, 'python': {'version': '3.11.7', 'machine': 'AMD64'}}
  warnings.warn(

